This is pdfTeX, Version 3.14159265-2.6-1.40.19 (TeX Live 2018) (preloaded format=pdflatex 2018.4.16)  23 JUN 2018 12:52
entering extended mode
 restricted \write18 enabled.
 %&-line parsing enabled.
**as3.tex
(./as3.tex
LaTeX2e <2018-04-01> patch level 2
Babel <3.18> and hyphenation patterns for 84 language(s) loaded.
(/usr/local/texlive/2018/texmf-dist/tex/latex/base/article.cls
Document Class: article 2014/09/29 v1.4h Standard LaTeX document class
(/usr/local/texlive/2018/texmf-dist/tex/latex/base/size11.clo
File: size11.clo 2014/09/29 v1.4h Standard LaTeX file (size option)
)
\c@part=\count80
\c@section=\count81
\c@subsection=\count82
\c@subsubsection=\count83
\c@paragraph=\count84
\c@subparagraph=\count85
\c@figure=\count86
\c@table=\count87
\abovecaptionskip=\skip41
\belowcaptionskip=\skip42
\bibindent=\dimen102
)
(/usr/local/texlive/2018/texmf-dist/tex/latex/base/inputenc.sty
Package: inputenc 2018/04/06 v1.3b Input encoding file
\inpenc@prehook=\toks14
\inpenc@posthook=\toks15
)
(/usr/local/texlive/2018/texmf-dist/tex/latex/amsmath/amsmath.sty
Package: amsmath 2017/09/02 v2.17a AMS math features
\@mathmargin=\skip43

For additional information on amsmath, use the `?' option.
(/usr/local/texlive/2018/texmf-dist/tex/latex/amsmath/amstext.sty
Package: amstext 2000/06/29 v2.01 AMS text

(/usr/local/texlive/2018/texmf-dist/tex/latex/amsmath/amsgen.sty
File: amsgen.sty 1999/11/30 v2.0 generic functions
\@emptytoks=\toks16
\ex@=\dimen103
))
(/usr/local/texlive/2018/texmf-dist/tex/latex/amsmath/amsbsy.sty
Package: amsbsy 1999/11/29 v1.2d Bold Symbols
\pmbraise@=\dimen104
)
(/usr/local/texlive/2018/texmf-dist/tex/latex/amsmath/amsopn.sty
Package: amsopn 2016/03/08 v2.02 operator names
)
\inf@bad=\count88
LaTeX Info: Redefining \frac on input line 213.
\uproot@=\count89
\leftroot@=\count90
LaTeX Info: Redefining \overline on input line 375.
\classnum@=\count91
\DOTSCASE@=\count92
LaTeX Info: Redefining \ldots on input line 472.
LaTeX Info: Redefining \dots on input line 475.
LaTeX Info: Redefining \cdots on input line 596.
\Mathstrutbox@=\box26
\strutbox@=\box27
\big@size=\dimen105
LaTeX Font Info:    Redeclaring font encoding OML on input line 712.
LaTeX Font Info:    Redeclaring font encoding OMS on input line 713.
\macc@depth=\count93
\c@MaxMatrixCols=\count94
\dotsspace@=\muskip10
\c@parentequation=\count95
\dspbrk@lvl=\count96
\tag@help=\toks17
\row@=\count97
\column@=\count98
\maxfields@=\count99
\andhelp@=\toks18
\eqnshift@=\dimen106
\alignsep@=\dimen107
\tagshift@=\dimen108
\tagwidth@=\dimen109
\totwidth@=\dimen110
\lineht@=\dimen111
\@envbody=\toks19
\multlinegap=\skip44
\multlinetaggap=\skip45
\mathdisplay@stack=\toks20
LaTeX Info: Redefining \[ on input line 2817.
LaTeX Info: Redefining \] on input line 2818.
)
(/usr/local/texlive/2018/texmf-dist/tex/latex/oberdiek/pdflscape.sty
Package: pdflscape 2016/05/14 v0.11 Display of landscape pages in PDF (HO)

(/usr/local/texlive/2018/texmf-dist/tex/latex/graphics/lscape.sty
Package: lscape 2000/10/22 v3.01 Landscape Pages (DPC)

(/usr/local/texlive/2018/texmf-dist/tex/latex/graphics/graphics.sty
Package: graphics 2017/06/25 v1.2c Standard LaTeX Graphics (DPC,SPQR)

(/usr/local/texlive/2018/texmf-dist/tex/latex/graphics/trig.sty
Package: trig 2016/01/03 v1.10 sin cos tan (DPC)
)
(/usr/local/texlive/2018/texmf-dist/tex/latex/graphics-cfg/graphics.cfg
File: graphics.cfg 2016/06/04 v1.11 sample graphics configuration
)
Package graphics Info: Driver file: pdftex.def on input line 99.

(/usr/local/texlive/2018/texmf-dist/tex/latex/graphics-def/pdftex.def
File: pdftex.def 2018/01/08 v1.0l Graphics/color driver for pdftex
)))
(/usr/local/texlive/2018/texmf-dist/tex/generic/oberdiek/ifpdf.sty
Package: ifpdf 2017/03/15 v3.2 Provides the ifpdf switch
)
Package pdflscape Info: Auto-detected driver: pdftex on input line 81.

(/usr/local/texlive/2018/texmf-dist/tex/generic/ifxetex/ifxetex.sty
Package: ifxetex 2010/09/12 v0.6 Provides ifxetex conditional
))
(/usr/local/texlive/2018/texmf-dist/tex/latex/hyperref/hyperref.sty
Package: hyperref 2018/02/06 v6.86b Hypertext links for LaTeX

(/usr/local/texlive/2018/texmf-dist/tex/generic/oberdiek/hobsub-hyperref.sty
Package: hobsub-hyperref 2016/05/16 v1.14 Bundle oberdiek, subset hyperref (HO)


(/usr/local/texlive/2018/texmf-dist/tex/generic/oberdiek/hobsub-generic.sty
Package: hobsub-generic 2016/05/16 v1.14 Bundle oberdiek, subset generic (HO)
Package: hobsub 2016/05/16 v1.14 Construct package bundles (HO)
Package: infwarerr 2016/05/16 v1.4 Providing info/warning/error messages (HO)
Package: ltxcmds 2016/05/16 v1.23 LaTeX kernel commands for general use (HO)
Package: ifluatex 2016/05/16 v1.4 Provides the ifluatex switch (HO)
Package ifluatex Info: LuaTeX not detected.
Package: ifvtex 2016/05/16 v1.6 Detect VTeX and its facilities (HO)
Package ifvtex Info: VTeX not detected.
Package: intcalc 2016/05/16 v1.2 Expandable calculations with integers (HO)
Package hobsub Info: Skipping package `ifpdf' (already loaded).
Package: etexcmds 2016/05/16 v1.6 Avoid name clashes with e-TeX commands (HO)
Package etexcmds Info: Could not find \expanded.
(etexcmds)             That can mean that you are not using pdfTeX 1.50 or
(etexcmds)             that some package has redefined \expanded.
(etexcmds)             In the latter case, load this package earlier.
Package: kvsetkeys 2016/05/16 v1.17 Key value parser (HO)
Package: kvdefinekeys 2016/05/16 v1.4 Define keys (HO)
Package: pdftexcmds 2018/01/30 v0.27 Utility functions of pdfTeX for LuaTeX (HO
)
Package pdftexcmds Info: LuaTeX not detected.
Package pdftexcmds Info: \pdf@primitive is available.
Package pdftexcmds Info: \pdf@ifprimitive is available.
Package pdftexcmds Info: \pdfdraftmode found.
Package: pdfescape 2016/05/16 v1.14 Implements pdfTeX's escape features (HO)
Package: bigintcalc 2016/05/16 v1.4 Expandable calculations on big integers (HO
)
Package: bitset 2016/05/16 v1.2 Handle bit-vector datatype (HO)
Package: uniquecounter 2016/05/16 v1.3 Provide unlimited unique counter (HO)
)
Package hobsub Info: Skipping package `hobsub' (already loaded).
Package: letltxmacro 2016/05/16 v1.5 Let assignment for LaTeX macros (HO)
Package: hopatch 2016/05/16 v1.3 Wrapper for package hooks (HO)
Package: xcolor-patch 2016/05/16 xcolor patch
Package: atveryend 2016/05/16 v1.9 Hooks at the very end of document (HO)
Package atveryend Info: \enddocument detected (standard20110627).
Package: atbegshi 2016/06/09 v1.18 At begin shipout hook (HO)
Package: refcount 2016/05/16 v3.5 Data extraction from label references (HO)
Package: hycolor 2016/05/16 v1.8 Color options for hyperref/bookmark (HO)
)
(/usr/local/texlive/2018/texmf-dist/tex/latex/graphics/keyval.sty
Package: keyval 2014/10/28 v1.15 key=value parser (DPC)
\KV@toks@=\toks21
)
(/usr/local/texlive/2018/texmf-dist/tex/latex/oberdiek/auxhook.sty
Package: auxhook 2016/05/16 v1.4 Hooks for auxiliary files (HO)
)
(/usr/local/texlive/2018/texmf-dist/tex/latex/oberdiek/kvoptions.sty
Package: kvoptions 2016/05/16 v3.12 Key value format for package options (HO)
)
\@linkdim=\dimen112
\Hy@linkcounter=\count100
\Hy@pagecounter=\count101

(/usr/local/texlive/2018/texmf-dist/tex/latex/hyperref/pd1enc.def
File: pd1enc.def 2018/02/06 v6.86b Hyperref: PDFDocEncoding definition (HO)
Now handling font encoding PD1 ...
... no UTF-8 mapping file for font encoding PD1
)
\Hy@SavedSpaceFactor=\count102

(/usr/local/texlive/2018/texmf-dist/tex/latex/latexconfig/hyperref.cfg
File: hyperref.cfg 2002/06/06 v1.2 hyperref configuration of TeXLive
)
Package hyperref Info: Hyper figures OFF on input line 4509.
Package hyperref Info: Link nesting OFF on input line 4514.
Package hyperref Info: Hyper index ON on input line 4517.
Package hyperref Info: Plain pages OFF on input line 4524.
Package hyperref Info: Backreferencing OFF on input line 4529.
Package hyperref Info: Implicit mode ON; LaTeX internals redefined.
Package hyperref Info: Bookmarks ON on input line 4762.
\c@Hy@tempcnt=\count103

(/usr/local/texlive/2018/texmf-dist/tex/latex/url/url.sty
\Urlmuskip=\muskip11
Package: url 2013/09/16  ver 3.4  Verb mode for urls, etc.
)
LaTeX Info: Redefining \url on input line 5115.
\XeTeXLinkMargin=\dimen113
\Fld@menulength=\count104
\Field@Width=\dimen114
\Fld@charsize=\dimen115
Package hyperref Info: Hyper figures OFF on input line 6369.
Package hyperref Info: Link nesting OFF on input line 6374.
Package hyperref Info: Hyper index ON on input line 6377.
Package hyperref Info: backreferencing OFF on input line 6384.
Package hyperref Info: Link coloring OFF on input line 6389.
Package hyperref Info: Link coloring with OCG OFF on input line 6394.
Package hyperref Info: PDF/A mode OFF on input line 6399.
LaTeX Info: Redefining \ref on input line 6439.
LaTeX Info: Redefining \pageref on input line 6443.
\Hy@abspage=\count105
\c@Item=\count106
\c@Hfootnote=\count107
)
Package hyperref Info: Driver (autodetected): hpdftex.

(/usr/local/texlive/2018/texmf-dist/tex/latex/hyperref/hpdftex.def
File: hpdftex.def 2018/02/06 v6.86b Hyperref driver for pdfTeX
\Fld@listcount=\count108
\c@bookmark@seq@number=\count109

(/usr/local/texlive/2018/texmf-dist/tex/latex/oberdiek/rerunfilecheck.sty
Package: rerunfilecheck 2016/05/16 v1.8 Rerun checks for auxiliary files (HO)
Package uniquecounter Info: New unique counter `rerunfilecheck' on input line 2
82.
)
\Hy@SectionHShift=\skip46
)
(/usr/local/texlive/2018/texmf-dist/tex/latex/amsfonts/amsfonts.sty
Package: amsfonts 2013/01/14 v3.01 Basic AMSFonts support
\symAMSa=\mathgroup4
\symAMSb=\mathgroup5
LaTeX Font Info:    Overwriting math alphabet `\mathfrak' in version `bold'
(Font)                  U/euf/m/n --> U/euf/b/n on input line 106.
)
(/usr/local/texlive/2018/texmf-dist/tex/latex/float/float.sty
Package: float 2001/11/08 v1.3d Float enhancements (AL)
\c@float@type=\count110
\float@exts=\toks22
\float@box=\box28
\@float@everytoks=\toks23
\@floatcapt=\box29
)
(/usr/local/texlive/2018/texmf-dist/tex/latex/graphics/graphicx.sty
Package: graphicx 2017/06/01 v1.1a Enhanced LaTeX Graphics (DPC,SPQR)
\Gin@req@height=\dimen116
\Gin@req@width=\dimen117
)
(/usr/local/texlive/2018/texmf-dist/tex/latex/amsfonts/amssymb.sty
Package: amssymb 2013/01/14 v3.01 AMS font symbols
)
(/usr/local/texlive/2018/texmf-dist/tex/latex/parskip/parskip.sty
Package: parskip 2001/04/09 non-zero parskip adjustments
)
(/usr/local/texlive/2018/texmf-dist/tex/latex/caption/caption.sty
Package: caption 2016/02/21 v3.3-144 Customizing captions (AR)

(/usr/local/texlive/2018/texmf-dist/tex/latex/caption/caption3.sty
Package: caption3 2016/05/22 v1.7-166 caption3 kernel (AR)
Package caption3 Info: TeX engine: e-TeX on input line 67.
\captionmargin=\dimen118
\captionmargin@=\dimen119
\captionwidth=\dimen120
\caption@tempdima=\dimen121
\caption@indent=\dimen122
\caption@parindent=\dimen123
\caption@hangindent=\dimen124
)
\c@ContinuedFloat=\count111
Package caption Info: float package is loaded.
Package caption Info: hyperref package is loaded.
) (./as3.aux)
\openout1 = `as3.aux'.

LaTeX Font Info:    Checking defaults for OML/cmm/m/it on input line 15.
LaTeX Font Info:    ... okay on input line 15.
LaTeX Font Info:    Checking defaults for T1/cmr/m/n on input line 15.
LaTeX Font Info:    ... okay on input line 15.
LaTeX Font Info:    Checking defaults for OT1/cmr/m/n on input line 15.
LaTeX Font Info:    ... okay on input line 15.
LaTeX Font Info:    Checking defaults for OMS/cmsy/m/n on input line 15.
LaTeX Font Info:    ... okay on input line 15.
LaTeX Font Info:    Checking defaults for OMX/cmex/m/n on input line 15.
LaTeX Font Info:    ... okay on input line 15.
LaTeX Font Info:    Checking defaults for U/cmr/m/n on input line 15.
LaTeX Font Info:    ... okay on input line 15.
LaTeX Font Info:    Checking defaults for PD1/pdf/m/n on input line 15.
LaTeX Font Info:    ... okay on input line 15.
 (/usr/local/texlive/2018/texmf-dist/tex/context/base/mkii/supp-pdf.mkii
[Loading MPS to PDF converter (version 2006.09.02).]
\scratchcounter=\count112
\scratchdimen=\dimen125
\scratchbox=\box30
\nofMPsegments=\count113
\nofMParguments=\count114
\everyMPshowfont=\toks24
\MPscratchCnt=\count115
\MPscratchDim=\dimen126
\MPnumerator=\count116
\makeMPintoPDFobject=\count117
\everyMPtoPDFconversion=\toks25
) (/usr/local/texlive/2018/texmf-dist/tex/latex/oberdiek/epstopdf-base.sty
Package: epstopdf-base 2016/05/15 v2.6 Base part for package epstopdf

(/usr/local/texlive/2018/texmf-dist/tex/latex/oberdiek/grfext.sty
Package: grfext 2016/05/16 v1.2 Manage graphics extensions (HO)
)
Package epstopdf-base Info: Redefining graphics rule for `.eps' on input line 4
38.
Package grfext Info: Graphics extension search list:
(grfext)             [.pdf,.png,.jpg,.mps,.jpeg,.jbig2,.jb2,.PDF,.PNG,.JPG,.JPE
G,.JBIG2,.JB2,.eps]
(grfext)             \AppendGraphicsExtensions on input line 456.

(/usr/local/texlive/2018/texmf-dist/tex/latex/latexconfig/epstopdf-sys.cfg
File: epstopdf-sys.cfg 2010/07/13 v1.3 Configuration of (r)epstopdf for TeX Liv
e
))
\AtBeginShipoutBox=\box31
Package hyperref Info: Link coloring OFF on input line 15.

(/usr/local/texlive/2018/texmf-dist/tex/latex/hyperref/nameref.sty
Package: nameref 2016/05/21 v2.44 Cross-referencing by name of section

(/usr/local/texlive/2018/texmf-dist/tex/generic/oberdiek/gettitlestring.sty
Package: gettitlestring 2016/05/16 v1.5 Cleanup title references (HO)
)
\c@section@level=\count118
)
LaTeX Info: Redefining \ref on input line 15.
LaTeX Info: Redefining \pageref on input line 15.
LaTeX Info: Redefining \nameref on input line 15.

(./as3.out) (./as3.out)
\@outlinefile=\write3
\openout3 = `as3.out'.

Package caption Info: Begin \AtBeginDocument code.
Package caption Info: End \AtBeginDocument code.
LaTeX Font Info:    Try loading font information for U+msa on input line 17.

(/usr/local/texlive/2018/texmf-dist/tex/latex/amsfonts/umsa.fd
File: umsa.fd 2013/01/14 v3.01 AMS symbols A
)
LaTeX Font Info:    Try loading font information for U+msb on input line 17.

(/usr/local/texlive/2018/texmf-dist/tex/latex/amsfonts/umsb.fd
File: umsb.fd 2013/01/14 v3.01 AMS symbols B
) [1

{/usr/local/texlive/2018/texmf-var/fonts/map/pdftex/updmap/pdftex.map}] [2] [3]
 [4]
<storycard1.png, id=29, 344.28625pt x 174.6525pt>
File: storycard1.png Graphic file (type png)
<use storycard1.png>
Package pdftex.def Info: storycard1.png  used on input line 114.
(pdftex.def)             Requested size: 251.9989pt x 127.83638pt.
<storycard2.png, id=31, 344.28625pt x 173.64874pt>
File: storycard2.png Graphic file (type png)
<use storycard2.png>
Package pdftex.def Info: storycard2.png  used on input line 121.
(pdftex.def)             Requested size: 251.9989pt x 127.10168pt.
<storycard3.png, id=32, 353.32pt x 181.67876pt>
File: storycard3.png Graphic file (type png)
<use storycard3.png>
Package pdftex.def Info: storycard3.png  used on input line 129.
(pdftex.def)             Requested size: 251.9989pt x 129.5805pt.
 [5 <./storycard1.png> <./storycard2.png> <./storycard3.png>]
<storymap.png, id=45, 1244.65pt x 888.31876pt>
File: storymap.png Graphic file (type png)
<use storymap.png>
Package pdftex.def Info: storymap.png  used on input line 144.
(pdftex.def)             Requested size: 683.9978pt x 488.18375pt.

Overfull \hbox (76.40451pt too wide) in paragraph at lines 143--145
 []|  [] 
 []


LaTeX Warning: Float too large for page by 92.27824pt on input line 147.


LaTeX Warning: `h' float specifier changed to `ht'.

[6 <./storymap.png>]
<overviewsketches.png, id=52, 1650.165pt x 1782.66pt>
File: overviewsketches.png Graphic file (type png)
<use overviewsketches.png>
Package pdftex.def Info: overviewsketches.png  used on input line 156.
(pdftex.def)             Requested size: 396.0022pt x 427.79274pt.

Overfull \hbox (36.0022pt too wide) in paragraph at lines 156--157
 [][] 
 []

[7


 <./overviewsketches.png>]
<elaboratingsketches.png, id=62, 1883.035pt x 1800.7275pt>
File: elaboratingsketches.png Graphic file (type png)
<use elaboratingsketches.png>
Package pdftex.def Info: elaboratingsketches.png  used on input line 173.
(pdftex.def)             Requested size: 302.39868pt x 289.16641pt.
 [8 <./elaboratingsketches.png>]
<storyboard.png, id=72, 979.66pt x 1209.51875pt>
File: storyboard.png Graphic file (type png)
<use storyboard.png>
Package pdftex.def Info: storyboard.png  used on input line 184.
(pdftex.def)             Requested size: 413.9978pt x 511.1319pt.

Overfull \hbox (42.20477pt too wide) in paragraph at lines 183--185
 []|  [] 
 []

[9 <./storyboard.png>]
<dataproctable2.png, id=82, 949.5475pt x 1243.64626pt>
File: dataproctable2.png Graphic file (type png)
<use dataproctable2.png>
Package pdftex.def Info: dataproctable2.png  used on input line 207.
(pdftex.def)             Requested size: 288.0011pt x 377.19568pt.
 [10 <./dataproctable2.png>] [11] [12]
<codeimg1.png, id=104, 629.35126pt x 1211.52625pt>
File: codeimg1.png Graphic file (type png)
<use codeimg1.png>
Package pdftex.def Info: codeimg1.png  used on input line 258.
(pdftex.def)             Requested size: 226.80176pt x 436.59279pt.
<codeimg2.png, id=105, 498.86375pt x 483.8075pt>
File: codeimg2.png Graphic file (type png)
<use codeimg2.png>
Package pdftex.def Info: codeimg2.png  used on input line 264.
(pdftex.def)             Requested size: 226.80176pt x 219.95558pt.
 [13 <./codeimg1.png>]
<codeimg3.png, id=115, 546.04pt x 378.41376pt>
File: codeimg3.png Graphic file (type png)
<use codeimg3.png>
Package pdftex.def Info: codeimg3.png  used on input line 270.
(pdftex.def)             Requested size: 298.80066pt x 207.07153pt.
 [14 <./codeimg2.png> <./codeimg3.png>]
<codeimg4.png, id=124, 713.66624pt x 1013.7875pt>
File: codeimg4.png Graphic file (type png)
<use codeimg4.png>
Package pdftex.def Info: codeimg4.png  used on input line 285.
(pdftex.def)             Requested size: 284.39758pt x 403.99185pt.
 [15 <./codeimg4.png>]
<codeimg5.png, id=132, 654.445pt x 786.94pt>
File: codeimg5.png Graphic file (type png)
<use codeimg5.png>
Package pdftex.def Info: codeimg5.png  used on input line 291.
(pdftex.def)             Requested size: 360.0pt x 432.87837pt.
 [16 <./codeimg5.png>]
<codeimg6.png, id=139, 914.41624pt x 1194.4625pt>
File: codeimg6.png Graphic file (type png)
<use codeimg6.png>
Package pdftex.def Info: codeimg6.png  used on input line 299.
(pdftex.def)             Requested size: 396.0022pt x 517.2723pt.

Overfull \hbox (36.0022pt too wide) in paragraph at lines 299--300
[][] 
 []

[17 <./codeimg6.png>]
<codeimg7.png, id=146, 395.4775pt x 347.2975pt>
File: codeimg7.png Graphic file (type png)
<use codeimg7.png>
Package pdftex.def Info: codeimg7.png  used on input line 307.
(pdftex.def)             Requested size: 251.9989pt x 221.29985pt.
 [18 <./codeimg7.png>]
<classes.png, id=157, 930.47626pt x 764.8575pt>
File: classes.png Graphic file (type png)
<use classes.png>
Package pdftex.def Info: classes.png  used on input line 329.
(pdftex.def)             Requested size: 540.0pt x 443.89775pt.

Overfull \hbox (97.07507pt too wide) in paragraph at lines 328--330
 []|  [] 
 []

[19 <./classes.png>] [20]
<sequence1.png, id=173, 966.61125pt x 524.96124pt>
File: sequence1.png Graphic file (type png)
<use sequence1.png>
Package pdftex.def Info: sequence1.png  used on input line 352.
(pdftex.def)             Requested size: 388.80066pt x 211.15828pt.

Overfull \hbox (28.80066pt too wide) in paragraph at lines 352--353
 [][] 
 []

[21 <./sequence1.png>]
<sequence2.png, id=182, 966.61125pt x 695.59875pt>
File: sequence2.png Graphic file (type png)
<use sequence2.png>
Package pdftex.def Info: sequence2.png  used on input line 365.
(pdftex.def)             Requested size: 468.0011pt x 336.78122pt.

Overfull \hbox (53.52893pt too wide) in paragraph at lines 364--366
[]  [] 
 []

[22 <./sequence2.png>]
<classdiagramD8.png, id=190, 997.7275pt x 734.745pt>
File: classdiagramD8.png Graphic file (type png)
<use classdiagramD8.png>
Package pdftex.def Info: classdiagramD8.png  used on input line 381.
(pdftex.def)             Requested size: 431.9989pt x 318.13159pt.

Overfull \hbox (71.9989pt too wide) in paragraph at lines 381--382
 [][] 
 []

[23 <./classdiagramD8.png>]
<email1.png, id=200, 776.9025pt x 618.31pt>
File: email1.png Graphic file (type png)
<use email1.png>
Package pdftex.def Info: email1.png  used on input line 406.
(pdftex.def)             Requested size: 323.9978pt x 257.85811pt.
 [24 <./email1.png>]
<email2.png, id=209, 952.55875pt x 442.65375pt>
File: email2.png Graphic file (type png)
<use email2.png>
Package pdftex.def Info: email2.png  used on input line 413.
(pdftex.def)             Requested size: 388.80066pt x 180.67868pt.

Overfull \hbox (28.80066pt too wide) in paragraph at lines 413--414
 [][] 
 []

<email3.png, id=210, 989.6975pt x 442.65375pt>
File: email3.png Graphic file (type png)
<use email3.png>
Package pdftex.def Info: email3.png  used on input line 419.
(pdftex.def)             Requested size: 388.80066pt x 173.89056pt.

Overfull \hbox (28.80066pt too wide) in paragraph at lines 419--420
 [][] 
 []

<client1.png, id=211, 773.89125pt x 584.1825pt>
File: client1.png Graphic file (type png)
<use client1.png>
Package pdftex.def Info: client1.png  used on input line 426.
(pdftex.def)             Requested size: 323.9978pt x 244.57054pt.

LaTeX Warning: `h' float specifier changed to `ht'.

[25 <./email2.png> <./email3.png>]
Package atveryend Info: Empty hook `BeforeClearDocument' on input line 444.
 [26 <./client1.png>]
Package atveryend Info: Empty hook `AfterLastShipout' on input line 444.
 (./as3.aux)
Package atveryend Info: Executing hook `AtVeryEndDocument' on input line 444.
Package atveryend Info: Executing hook `AtEndAfterFileList' on input line 444.
Package rerunfilecheck Info: File `as3.out' has not changed.
(rerunfilecheck)             Checksum: D41D8CD98F00B204E9800998ECF8427E;0.
Package atveryend Info: Empty hook `AtVeryVeryEnd' on input line 444.
 ) 
Here is how much of TeX's memory you used:
 7199 strings out of 492649
 108085 string characters out of 6129622
 199140 words of memory out of 5000000
 10905 multiletter control sequences out of 15000+600000
 11958 words of font info for 45 fonts, out of 8000000 for 9000
 1141 hyphenation exceptions out of 8191
 36i,6n,39p,970b,352s stack positions out of 5000i,500n,10000p,200000b,80000s
</usr/local/texlive/2018/texmf-dist/fonts/type1/public/amsfonts/cm/cmbx10.pfb
></usr/local/texlive/2018/texmf-dist/fonts/type1/public/amsfonts/cm/cmbx12.pfb>
</usr/local/texlive/2018/texmf-dist/fonts/type1/public/amsfonts/cm/cmr10.pfb></
usr/local/texlive/2018/texmf-dist/fonts/type1/public/amsfonts/cm/cmr12.pfb></us
r/local/texlive/2018/texmf-dist/fonts/type1/public/amsfonts/cm/cmr9.pfb>
Output written on as3.pdf (26 pages, 3333438 bytes).
PDF statistics:
 264 PDF objects out of 1000 (max. 8388607)
 183 compressed objects within 2 object streams
 84 named destinations out of 1000 (max. 500000)
 116 words of extra memory for PDF output out of 10000 (max. 10000000)

